<?xml version="1.0" encoding="UTF-8"?>
<testng-results skipped="0" failed="0" ignored="0" total="1" passed="1">
  <reporter-output>
  </reporter-output>
  <suite name="Default suite" duration-ms="4524" started-at="2019-10-11T19:36:48 IST" finished-at="2019-10-11T19:36:52 IST">
    <groups>
    </groups>
    <test name="Default test" duration-ms="4524" started-at="2019-10-11T19:36:48 IST" finished-at="2019-10-11T19:36:52 IST">
      <class name="TestNG.phpwebsite">
        <test-method status="PASS" signature="launch()[pri:0, instance:TestNG.phpwebsite@23e028a9]" name="launch" is-config="true" duration-ms="4171" started-at="2019-10-11T19:36:48 IST" finished-at="2019-10-11T19:36:52 IST">
          <reporter-output>
          </reporter-output>
        </test-method> <!-- launch -->
        <test-method status="PASS" signature="verifyphpwebsite()[pri:0, instance:TestNG.phpwebsite@23e028a9]" name="verifyphpwebsite" duration-ms="253" started-at="2019-10-11T19:36:52 IST" finished-at="2019-10-11T19:36:52 IST">
          <reporter-output>
          </reporter-output>
        </test-method> <!-- verifyphpwebsite -->
        <test-method status="PASS" signature="close()[pri:0, instance:TestNG.phpwebsite@23e028a9]" name="close" is-config="true" duration-ms="2" started-at="2019-10-11T19:36:52 IST" finished-at="2019-10-11T19:36:52 IST">
          <reporter-output>
          </reporter-output>
        </test-method> <!-- close -->
      </class> <!-- TestNG.phpwebsite -->
    </test> <!-- Default test -->
  </suite> <!-- Default suite -->
</testng-results>
